<?xml version="1.0" encoding="utf-8"?>
<log version="1.0" tool="runtool">

<msg id="1" tool="runtool">
  <type>log-start</type>
  <arg>2016/11/10 13:42:28</arg>
</msg>
<msg id="2" tool="runtool">
  <type>collector-starts</type>
</msg>
<msg id="3" tool="runtool">
  <type>marker-file</type>
  <arg>C:\Dev\FAST.Farm\compiling\Visual Studio\WakeDynamicsDriver\My Inspector Results - WakeDynamics_Driver\r001mi3\r001mi3.inspxe</arg>
</msg>
<msg id="4" tool="mc">
  <type>EXEC_OF_INTEREST</type>
  <arg>C:\Dev\FAST.Farm\bin\WakeDynamics_Driver.exe</arg>
  <arg>10556</arg>
  <severity>INFO</severity>
  <timestamp>Tue Feb  7 13:42:28 2017</timestamp>
</msg>
<msg id="5" tool="mc">
  <type>MODULE_LOAD</type>
  <arg>C:\Dev\FAST.Farm\bin\WakeDynamics_Driver.exe</arg>
  <arg>0xfc0000</arg>
  <arg>0x13acfff</arg>
  <severity>INFO</severity>
  <timestamp>Tue Feb  7 13:42:29 2017</timestamp>
</msg>
<msg id="6" tool="mc">
  <type>MODULE_LOAD</type>
  <arg>C:\Windows\syswow64\KERNELBASE.dll</arg>
  <arg>0x74f80000</arg>
  <arg>0x74fc6fff</arg>
  <severity>INFO</severity>
  <timestamp>Tue Feb  7 13:42:29 2017</timestamp>
</msg>
<msg id="7" tool="mc">
  <type>MODULE_LOAD</type>
  <arg>C:\Windows\syswow64\kernel32.dll</arg>
  <arg>0x74fe0000</arg>
  <arg>0x750effff</arg>
  <severity>INFO</severity>
  <timestamp>Tue Feb  7 13:42:29 2017</timestamp>
</msg>
<msg id="8" tool="mc">
  <type>MODULE_LOAD</type>
  <arg>C:\Windows\SysWOW64\ntdll.dll</arg>
  <arg>0x77620000</arg>
  <arg>0x7779ffff</arg>
  <severity>INFO</severity>
  <timestamp>Tue Feb  7 13:42:29 2017</timestamp>
</msg>
<msg id="9" tool="mc">
  <type>MODULE_LOAD</type>
  <arg>c:\Program Files (x86)\IntelSWTools\compilers_and_libraries_2017\windows\redist\ia32\compiler\libifcoremdd.dll</arg>
  <arg>0xf650000</arg>
  <arg>0xf794fff</arg>
  <severity>INFO</severity>
  <timestamp>Tue Feb  7 13:42:29 2017</timestamp>
</msg>
<msg id="10" tool="mc">
  <type>MODULE_LOAD</type>
  <arg>c:\Program Files (x86)\IntelSWTools\compilers_and_libraries_2017\windows\redist\ia32\compiler\libmmd.dll</arg>
  <arg>0x3210000</arg>
  <arg>0x363cfff</arg>
  <severity>INFO</severity>
  <timestamp>Tue Feb  7 13:42:29 2017</timestamp>
</msg>
<msg id="11" tool="mc">
  <type>MODULE_LOAD</type>
  <arg>C:\Windows\syswow64\imagehlp.dll</arg>
  <arg>0x75100000</arg>
  <arg>0x7512afff</arg>
  <severity>INFO</severity>
  <timestamp>Tue Feb  7 13:42:29 2017</timestamp>
</msg>
<msg id="12" tool="mc">
  <type>MODULE_LOAD</type>
  <arg>C:\Windows\syswow64\msvcrt.dll</arg>
  <arg>0x753c0000</arg>
  <arg>0x7546bfff</arg>
  <severity>INFO</severity>
  <timestamp>Tue Feb  7 13:42:29 2017</timestamp>
</msg>
<msg id="13" tool="mc">
  <type>MODULE_LOAD</type>
  <arg>C:\Windows\syswow64\ADVAPI32.dll</arg>
  <arg>0x76970000</arg>
  <arg>0x76a10fff</arg>
  <severity>INFO</severity>
  <timestamp>Tue Feb  7 13:42:29 2017</timestamp>
</msg>
<msg id="14" tool="mc">
  <type>MODULE_LOAD</type>
  <arg>C:\Windows\SysWOW64\sechost.dll</arg>
  <arg>0x75130000</arg>
  <arg>0x75148fff</arg>
  <severity>INFO</severity>
  <timestamp>Tue Feb  7 13:42:29 2017</timestamp>
</msg>
<msg id="15" tool="mc">
  <type>MODULE_LOAD</type>
  <arg>C:\Windows\syswow64\RPCRT4.dll</arg>
  <arg>0x76ba0000</arg>
  <arg>0x76c8ffff</arg>
  <severity>INFO</severity>
  <timestamp>Tue Feb  7 13:42:29 2017</timestamp>
</msg>
<msg id="16" tool="mc">
  <type>MODULE_LOAD_NO_ANALYSIS</type>
  <arg>C:\Windows\syswow64\SspiCli.dll</arg>
  <arg>0x74f10000</arg>
  <arg>0x74f6ffff</arg>
  <severity>INFO</severity>
  <timestamp>Tue Feb  7 13:42:29 2017</timestamp>
</msg>
<msg id="17" tool="mc">
  <type>MODULE_LOAD</type>
  <arg>C:\Windows\syswow64\CRYPTBASE.dll</arg>
  <arg>0x74f00000</arg>
  <arg>0x74f0bfff</arg>
  <severity>INFO</severity>
  <timestamp>Tue Feb  7 13:42:29 2017</timestamp>
</msg>
<msg id="18" tool="mc">
  <type>MODULE_LOAD</type>
  <arg>c:\Program Files (x86)\IntelSWTools\compilers_and_libraries_2017\windows\redist\ia32\compiler\libifportMD.dll</arg>
  <arg>0xf930000</arg>
  <arg>0xf97afff</arg>
  <severity>INFO</severity>
  <timestamp>Tue Feb  7 13:42:29 2017</timestamp>
</msg>
<msg id="19" tool="mc">
  <type>MODULE_LOAD</type>
  <arg>C:\Windows\syswow64\USER32.dll</arg>
  <arg>0x76fc0000</arg>
  <arg>0x770bffff</arg>
  <severity>INFO</severity>
  <timestamp>Tue Feb  7 13:42:29 2017</timestamp>
</msg>
<msg id="20" tool="mc">
  <type>MODULE_LOAD</type>
  <arg>C:\Windows\syswow64\GDI32.dll</arg>
  <arg>0x755d0000</arg>
  <arg>0x7565ffff</arg>
  <severity>INFO</severity>
  <timestamp>Tue Feb  7 13:42:29 2017</timestamp>
</msg>
<msg id="21" tool="mc">
  <type>MODULE_LOAD</type>
  <arg>C:\Windows\syswow64\LPK.dll</arg>
  <arg>0x76d70000</arg>
  <arg>0x76d79fff</arg>
  <severity>INFO</severity>
  <timestamp>Tue Feb  7 13:42:29 2017</timestamp>
</msg>
<msg id="22" tool="mc">
  <type>MODULE_LOAD</type>
  <arg>C:\Windows\syswow64\USP10.dll</arg>
  <arg>0x75320000</arg>
  <arg>0x753bcfff</arg>
  <severity>INFO</severity>
  <timestamp>Tue Feb  7 13:42:29 2017</timestamp>
</msg>
<msg id="23" tool="mc">
  <type>MODULE_LOAD</type>
  <arg>C:\Windows\system32\MSVCR120D.dll</arg>
  <arg>0x3930000</arg>
  <arg>0x3aeefff</arg>
  <severity>INFO</severity>
  <timestamp>Tue Feb  7 13:42:29 2017</timestamp>
</msg>
<msg id="24" tool="mc">
  <type>MODULE_LOAD</type>
  <arg>c:\Program Files (x86)\IntelSWTools\compilers_and_libraries_2017\windows\redist\ia32\mkl\mkl_sequential.dll</arg>
  <arg>0xf0d0000</arg>
  <arg>0xf407fff</arg>
  <severity>INFO</severity>
  <timestamp>Tue Feb  7 13:42:29 2017</timestamp>
</msg>
<msg id="25" tool="mc">
  <type>MODULE_LOAD_NO_ANALYSIS</type>
  <arg>c:\Program Files (x86)\IntelSWTools\compilers_and_libraries_2017\windows\redist\ia32\mkl\mkl_core.dll</arg>
  <arg>0xfba0000</arg>
  <arg>0x109b1fff</arg>
  <severity>INFO</severity>
  <timestamp>Tue Feb  7 13:42:29 2017</timestamp>
</msg>
<msg id="26" tool="mc">
  <type>MODULE_LOAD</type>
  <arg>C:\Windows\system32\IMM32.DLL</arg>
  <arg>0x76a20000</arg>
  <arg>0x76a7ffff</arg>
  <severity>INFO</severity>
  <timestamp>Tue Feb  7 13:42:31 2017</timestamp>
</msg>
<msg id="27" tool="mc">
  <type>MODULE_LOAD</type>
  <arg>C:\Windows\syswow64\MSCTF.dll</arg>
  <arg>0x75150000</arg>
  <arg>0x7521bfff</arg>
  <severity>INFO</severity>
  <timestamp>Tue Feb  7 13:42:31 2017</timestamp>
</msg>
<msg id="28" tool="mc">
  <type>MODULE_LOAD</type>
  <arg>C:\PROGRA~2\Avecto\PRIVIL~1\PGHook.dll</arg>
  <arg>0x74970000</arg>
  <arg>0x749adfff</arg>
  <severity>INFO</severity>
  <timestamp>Tue Feb  7 13:42:31 2017</timestamp>
</msg>
<msg id="29" tool="mc">
  <type>MODULE_LOAD</type>
  <arg>C:\Windows\syswow64\PSAPI.DLL</arg>
  <arg>0x76a80000</arg>
  <arg>0x76a84fff</arg>
  <severity>INFO</severity>
  <timestamp>Tue Feb  7 13:42:32 2017</timestamp>
</msg>
<msg id="30" tool="mc">
  <type>MODULE_LOAD</type>
  <arg>C:\Windows\system32\dbghelp.dll</arg>
  <arg>0x74880000</arg>
  <arg>0x7496afff</arg>
  <severity>INFO</severity>
  <timestamp>Tue Feb  7 13:42:32 2017</timestamp>
</msg>
<msg id="31" tool="mc">
  <type>MODULE_LOAD</type>
  <arg>C:\Windows\SysWOW64\nvinit.dll</arg>
  <arg>0x74850000</arg>
  <arg>0x74878fff</arg>
  <severity>INFO</severity>
  <timestamp>Tue Feb  7 13:42:33 2017</timestamp>
</msg>
<msg id="32" tool="mc">
  <type>MODULE_LOAD</type>
  <arg>C:\Program Files (x86)\NVIDIA Corporation\CoProcManager\detoured.dll</arg>
  <arg>0xf000000</arg>
  <arg>0xf005fff</arg>
  <severity>INFO</severity>
  <timestamp>Tue Feb  7 13:42:34 2017</timestamp>
</msg>
<msg id="33" tool="mc">
  <type>MODULE_LOAD</type>
  <arg>C:\Program Files (x86)\NVIDIA Corporation\CoProcManager\nvd3d9wrap.dll</arg>
  <arg>0x6df10000</arg>
  <arg>0x6df3bfff</arg>
  <severity>INFO</severity>
  <timestamp>Tue Feb  7 13:42:34 2017</timestamp>
</msg>
<msg id="34" tool="mc">
  <type>MODULE_LOAD</type>
  <arg>C:\Windows\syswow64\SETUPAPI.dll</arg>
  <arg>0x76570000</arg>
  <arg>0x7670cfff</arg>
  <severity>INFO</severity>
  <timestamp>Tue Feb  7 13:42:34 2017</timestamp>
</msg>
<msg id="35" tool="mc">
  <type>MODULE_LOAD</type>
  <arg>C:\Windows\syswow64\CFGMGR32.dll</arg>
  <arg>0x755a0000</arg>
  <arg>0x755c6fff</arg>
  <severity>INFO</severity>
  <timestamp>Tue Feb  7 13:42:34 2017</timestamp>
</msg>
<msg id="36" tool="mc">
  <type>MODULE_LOAD_NO_ANALYSIS</type>
  <arg>C:\Windows\syswow64\OLEAUT32.dll</arg>
  <arg>0x75500000</arg>
  <arg>0x75590fff</arg>
  <severity>INFO</severity>
  <timestamp>Tue Feb  7 13:42:34 2017</timestamp>
</msg>
<msg id="37" tool="mc">
  <type>MODULE_LOAD</type>
  <arg>C:\Windows\syswow64\ole32.dll</arg>
  <arg>0x76410000</arg>
  <arg>0x7656cfff</arg>
  <severity>INFO</severity>
  <timestamp>Tue Feb  7 13:42:34 2017</timestamp>
</msg>
<msg id="38" tool="mc">
  <type>MODULE_LOAD</type>
  <arg>C:\Windows\syswow64\DEVOBJ.dll</arg>
  <arg>0x76b20000</arg>
  <arg>0x76b31fff</arg>
  <severity>INFO</severity>
  <timestamp>Tue Feb  7 13:42:34 2017</timestamp>
</msg>
<msg id="39" tool="mc">
  <type>MODULE_LOAD</type>
  <arg>C:\Program Files (x86)\NVIDIA Corporation\CoProcManager\nvdxgiwrap.dll</arg>
  <arg>0x6def0000</arg>
  <arg>0x6df0ffff</arg>
  <severity>INFO</severity>
  <timestamp>Tue Feb  7 13:42:35 2017</timestamp>
</msg>
<msg id="40" tool="mc">
  <type>MODULE_LOAD</type>
  <arg>C:\PROGRA~2\Sophos\SOPHOS~1\SOPHOS~1.DLL</arg>
  <arg>0x744d0000</arg>
  <arg>0x74515fff</arg>
  <severity>INFO</severity>
  <timestamp>Tue Feb  7 13:42:35 2017</timestamp>
</msg>
<msg id="41" tool="mc">
  <type>HEARTBEAT</type>
  <arg>6736,11080</arg>
  <arg>0,0</arg>
  <arg>176601,3243</arg>
  <severity>INFO</severity>
  <timestamp>Tue Feb  7 13:42:38 2017</timestamp>
</msg>
<msg id="42" tool="mc">
  <type>HEARTBEAT</type>
  <arg>6736,11080</arg>
  <arg>0,0</arg>
  <arg>248,1025</arg>
  <severity>INFO</severity>
  <timestamp>Tue Feb  7 13:42:39 2017</timestamp>
</msg>
<msg id="43" tool="mc">
  <type>MODULE_LOAD</type>
  <arg>c:\Program Files (x86)\IntelSWTools\compilers_and_libraries_2017\windows\redist\ia32\mkl\libimalloc.dll</arg>
  <arg>0x72300000</arg>
  <arg>0x72303fff</arg>
  <severity>INFO</severity>
  <timestamp>Tue Feb  7 13:42:39 2017</timestamp>
</msg>
<msg id="44" tool="mc">
  <type>MODULE_UNLOAD</type>
  <arg>c:\Program Files (x86)\IntelSWTools\compilers_and_libraries_2017\windows\redist\ia32\mkl\libimalloc.dll</arg>
  <severity>INFO</severity>
  <timestamp>Tue Feb  7 13:42:39 2017</timestamp>
</msg>
<msg id="45" tool="mc">
  <type>PROCESS_COMPLETE</type>
  <arg>C:\Dev\FAST.Farm\bin\WakeDynamics_Driver.exe</arg>
  <arg>0</arg>
  <severity>INFO</severity>
  <timestamp>Tue Feb  7 13:42:40 2017</timestamp>
</msg>
<msg id="46" tool="mc">
  <type>MODULE_UNLOAD</type>
  <arg>C:\Dev\FAST.Farm\bin\WakeDynamics_Driver.exe</arg>
  <severity>INFO</severity>
  <timestamp>Tue Feb  7 13:42:40 2017</timestamp>
</msg>
<msg id="47" tool="mc">
  <type>MODULE_UNLOAD</type>
  <arg>C:\Windows\syswow64\KERNELBASE.dll</arg>
  <severity>INFO</severity>
  <timestamp>Tue Feb  7 13:42:40 2017</timestamp>
</msg>
<msg id="48" tool="mc">
  <type>MODULE_UNLOAD</type>
  <arg>C:\Windows\syswow64\kernel32.dll</arg>
  <severity>INFO</severity>
  <timestamp>Tue Feb  7 13:42:40 2017</timestamp>
</msg>
<msg id="49" tool="mc">
  <type>MODULE_UNLOAD</type>
  <arg>C:\Windows\SysWOW64\ntdll.dll</arg>
  <severity>INFO</severity>
  <timestamp>Tue Feb  7 13:42:40 2017</timestamp>
</msg>
<msg id="50" tool="mc">
  <type>MODULE_UNLOAD</type>
  <arg>c:\Program Files (x86)\IntelSWTools\compilers_and_libraries_2017\windows\redist\ia32\compiler\libifcoremdd.dll</arg>
  <severity>INFO</severity>
  <timestamp>Tue Feb  7 13:42:40 2017</timestamp>
</msg>
<msg id="51" tool="mc">
  <type>MODULE_UNLOAD</type>
  <arg>c:\Program Files (x86)\IntelSWTools\compilers_and_libraries_2017\windows\redist\ia32\compiler\libmmd.dll</arg>
  <severity>INFO</severity>
  <timestamp>Tue Feb  7 13:42:40 2017</timestamp>
</msg>
<msg id="52" tool="mc">
  <type>MODULE_UNLOAD</type>
  <arg>C:\Windows\syswow64\imagehlp.dll</arg>
  <severity>INFO</severity>
  <timestamp>Tue Feb  7 13:42:40 2017</timestamp>
</msg>
<msg id="53" tool="mc">
  <type>MODULE_UNLOAD</type>
  <arg>C:\Windows\syswow64\msvcrt.dll</arg>
  <severity>INFO</severity>
  <timestamp>Tue Feb  7 13:42:40 2017</timestamp>
</msg>
<msg id="54" tool="mc">
  <type>MODULE_UNLOAD</type>
  <arg>C:\Windows\syswow64\ADVAPI32.dll</arg>
  <severity>INFO</severity>
  <timestamp>Tue Feb  7 13:42:40 2017</timestamp>
</msg>
<msg id="55" tool="mc">
  <type>MODULE_UNLOAD</type>
  <arg>C:\Windows\SysWOW64\sechost.dll</arg>
  <severity>INFO</severity>
  <timestamp>Tue Feb  7 13:42:40 2017</timestamp>
</msg>
<msg id="56" tool="mc">
  <type>MODULE_UNLOAD</type>
  <arg>C:\Windows\syswow64\RPCRT4.dll</arg>
  <severity>INFO</severity>
  <timestamp>Tue Feb  7 13:42:40 2017</timestamp>
</msg>
<msg id="57" tool="mc">
  <type>MODULE_UNLOAD</type>
  <arg>C:\Windows\syswow64\SspiCli.dll</arg>
  <severity>INFO</severity>
  <timestamp>Tue Feb  7 13:42:40 2017</timestamp>
</msg>
<msg id="58" tool="mc">
  <type>MODULE_UNLOAD</type>
  <arg>C:\Windows\syswow64\CRYPTBASE.dll</arg>
  <severity>INFO</severity>
  <timestamp>Tue Feb  7 13:42:40 2017</timestamp>
</msg>
<msg id="59" tool="mc">
  <type>MODULE_UNLOAD</type>
  <arg>c:\Program Files (x86)\IntelSWTools\compilers_and_libraries_2017\windows\redist\ia32\compiler\libifportMD.dll</arg>
  <severity>INFO</severity>
  <timestamp>Tue Feb  7 13:42:40 2017</timestamp>
</msg>
<msg id="60" tool="mc">
  <type>MODULE_UNLOAD</type>
  <arg>C:\Windows\syswow64\USER32.dll</arg>
  <severity>INFO</severity>
  <timestamp>Tue Feb  7 13:42:40 2017</timestamp>
</msg>
<msg id="61" tool="mc">
  <type>MODULE_UNLOAD</type>
  <arg>C:\Windows\syswow64\GDI32.dll</arg>
  <severity>INFO</severity>
  <timestamp>Tue Feb  7 13:42:40 2017</timestamp>
</msg>
<msg id="62" tool="mc">
  <type>MODULE_UNLOAD</type>
  <arg>C:\Windows\syswow64\LPK.dll</arg>
  <severity>INFO</severity>
  <timestamp>Tue Feb  7 13:42:40 2017</timestamp>
</msg>
<msg id="63" tool="mc">
  <type>MODULE_UNLOAD</type>
  <arg>C:\Windows\syswow64\USP10.dll</arg>
  <severity>INFO</severity>
  <timestamp>Tue Feb  7 13:42:40 2017</timestamp>
</msg>
<msg id="64" tool="mc">
  <type>MODULE_UNLOAD</type>
  <arg>C:\Windows\system32\MSVCR120D.dll</arg>
  <severity>INFO</severity>
  <timestamp>Tue Feb  7 13:42:40 2017</timestamp>
</msg>
<msg id="65" tool="mc">
  <type>MODULE_UNLOAD</type>
  <arg>c:\Program Files (x86)\IntelSWTools\compilers_and_libraries_2017\windows\redist\ia32\mkl\mkl_sequential.dll</arg>
  <severity>INFO</severity>
  <timestamp>Tue Feb  7 13:42:40 2017</timestamp>
</msg>
<msg id="66" tool="mc">
  <type>MODULE_UNLOAD</type>
  <arg>c:\Program Files (x86)\IntelSWTools\compilers_and_libraries_2017\windows\redist\ia32\mkl\mkl_core.dll</arg>
  <severity>INFO</severity>
  <timestamp>Tue Feb  7 13:42:40 2017</timestamp>
</msg>
<msg id="67" tool="mc">
  <type>MODULE_UNLOAD</type>
  <arg>C:\Windows\system32\IMM32.DLL</arg>
  <severity>INFO</severity>
  <timestamp>Tue Feb  7 13:42:40 2017</timestamp>
</msg>
<msg id="68" tool="mc">
  <type>MODULE_UNLOAD</type>
  <arg>C:\Windows\syswow64\MSCTF.dll</arg>
  <severity>INFO</severity>
  <timestamp>Tue Feb  7 13:42:40 2017</timestamp>
</msg>
<msg id="69" tool="mc">
  <type>MODULE_UNLOAD</type>
  <arg>C:\PROGRA~2\Avecto\PRIVIL~1\PGHook.dll</arg>
  <severity>INFO</severity>
  <timestamp>Tue Feb  7 13:42:40 2017</timestamp>
</msg>
<msg id="70" tool="mc">
  <type>MODULE_UNLOAD</type>
  <arg>C:\Windows\syswow64\PSAPI.DLL</arg>
  <severity>INFO</severity>
  <timestamp>Tue Feb  7 13:42:40 2017</timestamp>
</msg>
<msg id="71" tool="mc">
  <type>MODULE_UNLOAD</type>
  <arg>C:\Windows\system32\dbghelp.dll</arg>
  <severity>INFO</severity>
  <timestamp>Tue Feb  7 13:42:40 2017</timestamp>
</msg>
<msg id="72" tool="mc">
  <type>MODULE_UNLOAD</type>
  <arg>C:\Windows\SysWOW64\nvinit.dll</arg>
  <severity>INFO</severity>
  <timestamp>Tue Feb  7 13:42:40 2017</timestamp>
</msg>
<msg id="73" tool="mc">
  <type>MODULE_UNLOAD</type>
  <arg>C:\Program Files (x86)\NVIDIA Corporation\CoProcManager\detoured.dll</arg>
  <severity>INFO</severity>
  <timestamp>Tue Feb  7 13:42:40 2017</timestamp>
</msg>
<msg id="74" tool="mc">
  <type>MODULE_UNLOAD</type>
  <arg>C:\Program Files (x86)\NVIDIA Corporation\CoProcManager\nvd3d9wrap.dll</arg>
  <severity>INFO</severity>
  <timestamp>Tue Feb  7 13:42:40 2017</timestamp>
</msg>
<msg id="75" tool="mc">
  <type>MODULE_UNLOAD</type>
  <arg>C:\Windows\syswow64\SETUPAPI.dll</arg>
  <severity>INFO</severity>
  <timestamp>Tue Feb  7 13:42:40 2017</timestamp>
</msg>
<msg id="76" tool="mc">
  <type>MODULE_UNLOAD</type>
  <arg>C:\Windows\syswow64\CFGMGR32.dll</arg>
  <severity>INFO</severity>
  <timestamp>Tue Feb  7 13:42:40 2017</timestamp>
</msg>
<msg id="77" tool="mc">
  <type>MODULE_UNLOAD</type>
  <arg>C:\Windows\syswow64\OLEAUT32.dll</arg>
  <severity>INFO</severity>
  <timestamp>Tue Feb  7 13:42:40 2017</timestamp>
</msg>
<msg id="78" tool="mc">
  <type>MODULE_UNLOAD</type>
  <arg>C:\Windows\syswow64\ole32.dll</arg>
  <severity>INFO</severity>
  <timestamp>Tue Feb  7 13:42:40 2017</timestamp>
</msg>
<msg id="79" tool="mc">
  <type>MODULE_UNLOAD</type>
  <arg>C:\Windows\syswow64\DEVOBJ.dll</arg>
  <severity>INFO</severity>
  <timestamp>Tue Feb  7 13:42:40 2017</timestamp>
</msg>
<msg id="80" tool="mc">
  <type>MODULE_UNLOAD</type>
  <arg>C:\Program Files (x86)\NVIDIA Corporation\CoProcManager\nvdxgiwrap.dll</arg>
  <severity>INFO</severity>
  <timestamp>Tue Feb  7 13:42:40 2017</timestamp>
</msg>
<msg id="81" tool="mc">
  <type>MODULE_UNLOAD</type>
  <arg>C:\PROGRA~2\Sophos\SOPHOS~1\SOPHOS~1.DLL</arg>
  <severity>INFO</severity>
  <timestamp>Tue Feb  7 13:42:40 2017</timestamp>
</msg>
<msg id="82" tool="mc">
  <type>ANALYSIS_COMPLETE</type>
  <arg>C:\Dev\FAST.Farm\bin\WakeDynamics_Driver.exe</arg>
  <severity>INFO</severity>
  <timestamp>Tue Feb  7 13:42:40 2017</timestamp>
</msg>
<msg id="83" tool="runtool">
  <type>app-exit-code</type>
  <arg>0</arg>
</msg>
<msg id="84" tool="runtool">
  <type>marker-file</type>
  <arg>C:\Dev\FAST.Farm\compiling\Visual Studio\WakeDynamicsDriver\My Inspector Results - WakeDynamics_Driver\r001mi3\r001mi3.inspxe</arg>
</msg>
<msg id="85" tool="runtool">
  <type>collector-done</type>
</msg>
<msg id="86" tool="runtool">
  <type>log-end</type>
  <arg>2016/11/10 13:42:44</arg>
</msg>

</log>

