<?xml version="1.0" encoding="utf-8" ?>
<!-- DO NOT EDIT THIS FILE -->

<log version='2.0' source='mc'>
	<!-- Successfully loaded CCRT at address 0x1f10000 - 0x214c000 -->
	<!-- Successfully loaded MC at address 0x542c0000 - 0x54de8000 -->
	<!-- Analysis started for C:\Dev\FAST.Farm\bin\WakeDynamics_Driver.exe, pid = 10556 -->
	<msg id='1' source='mc'>
		<type>EXEC_OF_INTEREST</type>
		<severity>INFO</severity>
		<timestamp>Tue Feb  7 13:42:28 2017</timestamp>
		<arg name='path'>C:\Dev\FAST.Farm\bin\WakeDynamics_Driver.exe</arg>
		<arg name='pid'>10556</arg>
	</msg>
	<!-- Command line: C:\Program Files (x86)\IntelSWTools\Inspector 2017\bin32\pin -xyzzy -mesgoff console -xyzzy -bridge_save_x87 0 -bridge_save_mxcsr 0 -follow_execv -error_file C:\Dev\FAST.Farm\compiling\Visual Studio\WakeDynamicsDriver\My Inspector Results - WakeDynamics_Driver\r001mi3\data.0\pin_error.log -logfile C:\Dev\FAST.Farm\compiling\Visual Studio\WakeDynamicsDriver\My Inspector Results - WakeDynamics_Driver\r001mi3\data.0\pin.log -xyzzy -region_max_inss 500 -p64 C:\Program Files (x86)\IntelSWTools\Inspector 2017\bin64\pin -t64 C:\Program Files (x86)\IntelSWTools\Inspector 2017\bin64\memchkr.dll -t C:\Program Files (x86)\IntelSWTools\Inspector 2017\bin32\memchkr.dll -no-analyze-stack -check-invalid-access -leak-check-on-exit -leak-check-on-demand -enable-memory-growth -leak-check-report-reachable -check-resource-leaks -freelist-vol 1000000 -leak-maximum 100000 -guard-zone-size 32 -stack-depth 16 -heartbeat 1 -mrte-mode native -working-dir C:\Dev\FAST.Farm\compiling\Visual Studio\WakeDynamicsDriver\My Inspector Results - WakeDynamics_Driver\r001mi3\data.0 -log mc_WakeDynamics_Driver.log -result WakeDynamics_Driver - C:\Dev\FAST.Farm\bin\WakeDynamics_Driver.exe  -->
	<!-- mc's options are the following:  -->
	<!-- -help                              false -->
	<!-- -verbose                           false -->
	<!-- -xyzzy                             false -->
	<!-- -version                           false -->
	<!-- -help-all                          false -->
	<!-- -xyzzy-all                         false -->
	<!-- -report-all-instances              false -->
	<!-- -check-for-padded-structures       true -->
	<!-- -check-for-bitfields               true -->
	<!-- -analyze-stack                     false -->
	<!-- -access-checks                     false -->
	<!-- -check-uninit-read                 false -->
	<!-- -check-invalid-access              true -->
	<!-- -advanced-uninit-read              false -->
	<!-- -track-origins                     true -->
	<!-- -duplicate-uninits                 false -->
	<!-- -bss-initialized                   true -->
	<!-- -align-alloc-size                  false -->
	<!-- -report-uninit-read                false -->
	<!-- -ignore-system-libraries           false -->
	<!-- -gen-suppressions                  false -->
	<!-- -leak-check-on-exit                true -->
	<!-- -leak-check-on-demand              true -->
	<!-- -leak-check-uses-baseline          true -->
	<!-- -enable-memory-growth              true -->
	<!-- -leak-check-report-reachable       true -->
	<!-- -leak-check-full                   true -->
	<!-- -check-resource-leaks              true -->
	<!-- -trace-children                    false -->
	<!-- -enable-poke                       false -->
	<!-- -jit-mode-anyway                   false -->
	<!-- -disable-probe-mode-mismatches-64  true -->
	<!-- -aggressive-callstack-caching      false -->
	<!-- -suppress-breakpoints              false -->
	<!-- -monitor-memory                    false -->
	<!-- -freelist-vol                      1000000 -->
	<!-- -leak-maximum                      100000 -->
	<!-- -guard-zone-size                   32 -->
	<!-- -stack-depth                       16 -->
	<!-- -heartbeat                         1 -->
	<!-- -breakpoint-file                   (null) -->
	<!-- -config-file                       (null) -->
	<!-- -log                               mc_WakeDynamics_Driver.log -->
	<!-- -ignore-commands                   (null),  -->
	<!-- -ignore-modules                    (null),  -->
	<!-- -ignore-symbols                    (null),  -->
	<!-- -module-of-interest                (null),  -->
	<!-- -executable-of-interest            (null),  -->
	<!-- -working-dir                       C:\Dev\FAST.Farm\compiling\Visual Studio\WakeDynamicsDriver\My Inspector Results - WakeDynamics_Driver\r001mi3\data.0 -->
	<!-- -result                            WakeDynamics_Driver -->
	<!-- -exclude-module                    (null),  -->
	<!-- -include-module                    (null),  -->
	<!-- -only-exec-commands                (null),  -->
	<!-- -suppressions                      (null),  -->
	<!-- -debug                             none -->
	<!-- -shared-mem-name                   (null) -->
	<!-- -poke-function                     (null),  -->
	<!-- -analysis-mode                     (null) -->
	<!-- -disable-gatekeeping               false -->
	<!-- -ignore-os-allocators              false -->
	<!-- -mrte-mode                         native -->
	<!-- probe mode: no -->
	<!-- invalid access: yes -->
	<!-- uninit read: no -->
	<!-- track origin: no -->
	<!-- Module loaded C:\Dev\FAST.Farm\bin\WakeDynamics_Driver.exe, address range [0x00fc0000-0x013acfff] -->
	<msg id='2' source='mc'>
		<type>MODULE_LOAD</type>
		<severity>INFO</severity>
		<timestamp>Tue Feb  7 13:42:29 2017</timestamp>
		<arg name='path'>C:\Dev\FAST.Farm\bin\WakeDynamics_Driver.exe</arg>
		<arg name='addr1'>0xfc0000</arg>
		<arg name='addr2'>0x13acfff</arg>
	</msg>
	<!-- Module loaded C:\Windows\syswow64\KERNELBASE.dll, address range [0x74f80000-0x74fc6fff] -->
	<msg id='3' source='mc'>
		<type>MODULE_LOAD</type>
		<severity>INFO</severity>
		<timestamp>Tue Feb  7 13:42:29 2017</timestamp>
		<arg name='path'>C:\Windows\syswow64\KERNELBASE.dll</arg>
		<arg name='addr1'>0x74f80000</arg>
		<arg name='addr2'>0x74fc6fff</arg>
	</msg>
	<!-- Module loaded C:\Windows\syswow64\kernel32.dll, address range [0x74fe0000-0x750effff] -->
	<msg id='4' source='mc'>
		<type>MODULE_LOAD</type>
		<severity>INFO</severity>
		<timestamp>Tue Feb  7 13:42:29 2017</timestamp>
		<arg name='path'>C:\Windows\syswow64\kernel32.dll</arg>
		<arg name='addr1'>0x74fe0000</arg>
		<arg name='addr2'>0x750effff</arg>
	</msg>
	<!-- Module loaded C:\Windows\SysWOW64\ntdll.dll, address range [0x77620000-0x7779ffff] -->
	<msg id='5' source='mc'>
		<type>MODULE_LOAD</type>
		<severity>INFO</severity>
		<timestamp>Tue Feb  7 13:42:29 2017</timestamp>
		<arg name='path'>C:\Windows\SysWOW64\ntdll.dll</arg>
		<arg name='addr1'>0x77620000</arg>
		<arg name='addr2'>0x7779ffff</arg>
	</msg>
	<!-- DIAG: 1 -->
	<!-- Module loaded c:\Program Files (x86)\IntelSWTools\compilers_and_libraries_2017\windows\redist\ia32\compiler\libifcoremdd.dll, address range [0x0f650000-0x0f794fff] -->
	<msg id='6' source='mc'>
		<type>MODULE_LOAD</type>
		<severity>INFO</severity>
		<timestamp>Tue Feb  7 13:42:29 2017</timestamp>
		<arg name='path'>c:\Program Files (x86)\IntelSWTools\compilers_and_libraries_2017\windows\redist\ia32\compiler\libifcoremdd.dll</arg>
		<arg name='addr1'>0xf650000</arg>
		<arg name='addr2'>0xf794fff</arg>
	</msg>
	<!-- Module loaded c:\Program Files (x86)\IntelSWTools\compilers_and_libraries_2017\windows\redist\ia32\compiler\libmmd.dll, address range [0x03210000-0x0363cfff] -->
	<msg id='7' source='mc'>
		<type>MODULE_LOAD</type>
		<severity>INFO</severity>
		<timestamp>Tue Feb  7 13:42:29 2017</timestamp>
		<arg name='path'>c:\Program Files (x86)\IntelSWTools\compilers_and_libraries_2017\windows\redist\ia32\compiler\libmmd.dll</arg>
		<arg name='addr1'>0x3210000</arg>
		<arg name='addr2'>0x363cfff</arg>
	</msg>
	<!-- Module loaded C:\Windows\syswow64\imagehlp.dll, address range [0x75100000-0x7512afff] -->
	<msg id='8' source='mc'>
		<type>MODULE_LOAD</type>
		<severity>INFO</severity>
		<timestamp>Tue Feb  7 13:42:29 2017</timestamp>
		<arg name='path'>C:\Windows\syswow64\imagehlp.dll</arg>
		<arg name='addr1'>0x75100000</arg>
		<arg name='addr2'>0x7512afff</arg>
	</msg>
	<!-- Module loaded C:\Windows\syswow64\msvcrt.dll, address range [0x753c0000-0x7546bfff] -->
	<msg id='9' source='mc'>
		<type>MODULE_LOAD</type>
		<severity>INFO</severity>
		<timestamp>Tue Feb  7 13:42:29 2017</timestamp>
		<arg name='path'>C:\Windows\syswow64\msvcrt.dll</arg>
		<arg name='addr1'>0x753c0000</arg>
		<arg name='addr2'>0x7546bfff</arg>
	</msg>
	<!-- Module loaded C:\Windows\syswow64\ADVAPI32.dll, address range [0x76970000-0x76a10fff] -->
	<msg id='10' source='mc'>
		<type>MODULE_LOAD</type>
		<severity>INFO</severity>
		<timestamp>Tue Feb  7 13:42:29 2017</timestamp>
		<arg name='path'>C:\Windows\syswow64\ADVAPI32.dll</arg>
		<arg name='addr1'>0x76970000</arg>
		<arg name='addr2'>0x76a10fff</arg>
	</msg>
	<!-- Module loaded C:\Windows\SysWOW64\sechost.dll, address range [0x75130000-0x75148fff] -->
	<msg id='11' source='mc'>
		<type>MODULE_LOAD</type>
		<severity>INFO</severity>
		<timestamp>Tue Feb  7 13:42:29 2017</timestamp>
		<arg name='path'>C:\Windows\SysWOW64\sechost.dll</arg>
		<arg name='addr1'>0x75130000</arg>
		<arg name='addr2'>0x75148fff</arg>
	</msg>
	<!-- Module loaded C:\Windows\syswow64\RPCRT4.dll, address range [0x76ba0000-0x76c8ffff] -->
	<msg id='12' source='mc'>
		<type>MODULE_LOAD</type>
		<severity>INFO</severity>
		<timestamp>Tue Feb  7 13:42:29 2017</timestamp>
		<arg name='path'>C:\Windows\syswow64\RPCRT4.dll</arg>
		<arg name='addr1'>0x76ba0000</arg>
		<arg name='addr2'>0x76c8ffff</arg>
	</msg>
	<!-- Module loaded C:\Windows\syswow64\SspiCli.dll, address range [0x74f10000-0x74f6ffff], minimal analysis -->
	<msg id='13' source='mc'>
		<type>MODULE_LOAD_NO_ANALYSIS</type>
		<severity>INFO</severity>
		<timestamp>Tue Feb  7 13:42:29 2017</timestamp>
		<arg name='path'>C:\Windows\syswow64\SspiCli.dll</arg>
		<arg name='addr1'>0x74f10000</arg>
		<arg name='addr2'>0x74f6ffff</arg>
	</msg>
	<!-- Module loaded C:\Windows\syswow64\CRYPTBASE.dll, address range [0x74f00000-0x74f0bfff] -->
	<msg id='14' source='mc'>
		<type>MODULE_LOAD</type>
		<severity>INFO</severity>
		<timestamp>Tue Feb  7 13:42:29 2017</timestamp>
		<arg name='path'>C:\Windows\syswow64\CRYPTBASE.dll</arg>
		<arg name='addr1'>0x74f00000</arg>
		<arg name='addr2'>0x74f0bfff</arg>
	</msg>
	<!-- Module loaded c:\Program Files (x86)\IntelSWTools\compilers_and_libraries_2017\windows\redist\ia32\compiler\libifportMD.dll, address range [0x0f930000-0x0f97afff] -->
	<msg id='15' source='mc'>
		<type>MODULE_LOAD</type>
		<severity>INFO</severity>
		<timestamp>Tue Feb  7 13:42:29 2017</timestamp>
		<arg name='path'>c:\Program Files (x86)\IntelSWTools\compilers_and_libraries_2017\windows\redist\ia32\compiler\libifportMD.dll</arg>
		<arg name='addr1'>0xf930000</arg>
		<arg name='addr2'>0xf97afff</arg>
	</msg>
	<!-- Module loaded C:\Windows\syswow64\USER32.dll, address range [0x76fc0000-0x770bffff] -->
	<msg id='16' source='mc'>
		<type>MODULE_LOAD</type>
		<severity>INFO</severity>
		<timestamp>Tue Feb  7 13:42:29 2017</timestamp>
		<arg name='path'>C:\Windows\syswow64\USER32.dll</arg>
		<arg name='addr1'>0x76fc0000</arg>
		<arg name='addr2'>0x770bffff</arg>
	</msg>
	<!-- Module loaded C:\Windows\syswow64\GDI32.dll, address range [0x755d0000-0x7565ffff] -->
	<msg id='17' source='mc'>
		<type>MODULE_LOAD</type>
		<severity>INFO</severity>
		<timestamp>Tue Feb  7 13:42:29 2017</timestamp>
		<arg name='path'>C:\Windows\syswow64\GDI32.dll</arg>
		<arg name='addr1'>0x755d0000</arg>
		<arg name='addr2'>0x7565ffff</arg>
	</msg>
	<!-- Module loaded C:\Windows\syswow64\LPK.dll, address range [0x76d70000-0x76d79fff] -->
	<msg id='18' source='mc'>
		<type>MODULE_LOAD</type>
		<severity>INFO</severity>
		<timestamp>Tue Feb  7 13:42:29 2017</timestamp>
		<arg name='path'>C:\Windows\syswow64\LPK.dll</arg>
		<arg name='addr1'>0x76d70000</arg>
		<arg name='addr2'>0x76d79fff</arg>
	</msg>
	<!-- Module loaded C:\Windows\syswow64\USP10.dll, address range [0x75320000-0x753bcfff] -->
	<msg id='19' source='mc'>
		<type>MODULE_LOAD</type>
		<severity>INFO</severity>
		<timestamp>Tue Feb  7 13:42:29 2017</timestamp>
		<arg name='path'>C:\Windows\syswow64\USP10.dll</arg>
		<arg name='addr1'>0x75320000</arg>
		<arg name='addr2'>0x753bcfff</arg>
	</msg>
	<!-- Module loaded C:\Windows\system32\MSVCR120D.dll, address range [0x03930000-0x03aeefff] -->
	<msg id='20' source='mc'>
		<type>MODULE_LOAD</type>
		<severity>INFO</severity>
		<timestamp>Tue Feb  7 13:42:29 2017</timestamp>
		<arg name='path'>C:\Windows\system32\MSVCR120D.dll</arg>
		<arg name='addr1'>0x3930000</arg>
		<arg name='addr2'>0x3aeefff</arg>
	</msg>
	<!-- Module loaded c:\Program Files (x86)\IntelSWTools\compilers_and_libraries_2017\windows\redist\ia32\mkl\mkl_sequential.dll, address range [0x0f0d0000-0x0f407fff] -->
	<msg id='21' source='mc'>
		<type>MODULE_LOAD</type>
		<severity>INFO</severity>
		<timestamp>Tue Feb  7 13:42:29 2017</timestamp>
		<arg name='path'>c:\Program Files (x86)\IntelSWTools\compilers_and_libraries_2017\windows\redist\ia32\mkl\mkl_sequential.dll</arg>
		<arg name='addr1'>0xf0d0000</arg>
		<arg name='addr2'>0xf407fff</arg>
	</msg>
	<!-- Module loaded c:\Program Files (x86)\IntelSWTools\compilers_and_libraries_2017\windows\redist\ia32\mkl\mkl_core.dll, address range [0x0fba0000-0x109b1fff], minimal analysis -->
	<msg id='22' source='mc'>
		<type>MODULE_LOAD_NO_ANALYSIS</type>
		<severity>INFO</severity>
		<timestamp>Tue Feb  7 13:42:29 2017</timestamp>
		<arg name='path'>c:\Program Files (x86)\IntelSWTools\compilers_and_libraries_2017\windows\redist\ia32\mkl\mkl_core.dll</arg>
		<arg name='addr1'>0xfba0000</arg>
		<arg name='addr2'>0x109b1fff</arg>
	</msg>
	<!-- Module loaded C:\Windows\system32\IMM32.DLL, address range [0x76a20000-0x76a7ffff] -->
	<msg id='23' source='mc'>
		<type>MODULE_LOAD</type>
		<severity>INFO</severity>
		<timestamp>Tue Feb  7 13:42:31 2017</timestamp>
		<arg name='path'>C:\Windows\system32\IMM32.DLL</arg>
		<arg name='addr1'>0x76a20000</arg>
		<arg name='addr2'>0x76a7ffff</arg>
	</msg>
	<!-- Module loaded C:\Windows\syswow64\MSCTF.dll, address range [0x75150000-0x7521bfff] -->
	<msg id='24' source='mc'>
		<type>MODULE_LOAD</type>
		<severity>INFO</severity>
		<timestamp>Tue Feb  7 13:42:31 2017</timestamp>
		<arg name='path'>C:\Windows\syswow64\MSCTF.dll</arg>
		<arg name='addr1'>0x75150000</arg>
		<arg name='addr2'>0x7521bfff</arg>
	</msg>
	<!-- Module loaded C:\PROGRA~2\Avecto\PRIVIL~1\PGHook.dll, address range [0x74970000-0x749adfff] -->
	<msg id='25' source='mc'>
		<type>MODULE_LOAD</type>
		<severity>INFO</severity>
		<timestamp>Tue Feb  7 13:42:31 2017</timestamp>
		<arg name='path'>C:\PROGRA~2\Avecto\PRIVIL~1\PGHook.dll</arg>
		<arg name='addr1'>0x74970000</arg>
		<arg name='addr2'>0x749adfff</arg>
	</msg>
	<!-- DIAG: 2 -->
	<!-- DIAG: 3 -->
	<!-- DIAG: 4 -->
	<!-- DIAG: 5 -->
	<!-- Module loaded C:\Windows\syswow64\PSAPI.DLL, address range [0x76a80000-0x76a84fff] -->
	<msg id='26' source='mc'>
		<type>MODULE_LOAD</type>
		<severity>INFO</severity>
		<timestamp>Tue Feb  7 13:42:32 2017</timestamp>
		<arg name='path'>C:\Windows\syswow64\PSAPI.DLL</arg>
		<arg name='addr1'>0x76a80000</arg>
		<arg name='addr2'>0x76a84fff</arg>
	</msg>
	<!-- Module loaded C:\Windows\system32\dbghelp.dll, address range [0x74880000-0x7496afff] -->
	<msg id='27' source='mc'>
		<type>MODULE_LOAD</type>
		<severity>INFO</severity>
		<timestamp>Tue Feb  7 13:42:32 2017</timestamp>
		<arg name='path'>C:\Windows\system32\dbghelp.dll</arg>
		<arg name='addr1'>0x74880000</arg>
		<arg name='addr2'>0x7496afff</arg>
	</msg>
	<!-- DIAG: 6 -->
	<!-- Module loaded C:\Windows\SysWOW64\nvinit.dll, address range [0x74850000-0x74878fff] -->
	<msg id='28' source='mc'>
		<type>MODULE_LOAD</type>
		<severity>INFO</severity>
		<timestamp>Tue Feb  7 13:42:33 2017</timestamp>
		<arg name='path'>C:\Windows\SysWOW64\nvinit.dll</arg>
		<arg name='addr1'>0x74850000</arg>
		<arg name='addr2'>0x74878fff</arg>
	</msg>
	<!-- DIAG: 7 -->
	<!-- DIAG: 8 -->
	<!-- DIAG: 9 -->
	<!-- DIAG: 10 -->
	<!-- Module loaded C:\Program Files (x86)\NVIDIA Corporation\CoProcManager\detoured.dll, address range [0x0f000000-0x0f005fff] -->
	<msg id='29' source='mc'>
		<type>MODULE_LOAD</type>
		<severity>INFO</severity>
		<timestamp>Tue Feb  7 13:42:34 2017</timestamp>
		<arg name='path'>C:\Program Files (x86)\NVIDIA Corporation\CoProcManager\detoured.dll</arg>
		<arg name='addr1'>0xf000000</arg>
		<arg name='addr2'>0xf005fff</arg>
	</msg>
	<!-- Module loaded C:\Program Files (x86)\NVIDIA Corporation\CoProcManager\nvd3d9wrap.dll, address range [0x6df10000-0x6df3bfff] -->
	<msg id='30' source='mc'>
		<type>MODULE_LOAD</type>
		<severity>INFO</severity>
		<timestamp>Tue Feb  7 13:42:34 2017</timestamp>
		<arg name='path'>C:\Program Files (x86)\NVIDIA Corporation\CoProcManager\nvd3d9wrap.dll</arg>
		<arg name='addr1'>0x6df10000</arg>
		<arg name='addr2'>0x6df3bfff</arg>
	</msg>
	<!-- Module loaded C:\Windows\syswow64\SETUPAPI.dll, address range [0x76570000-0x7670cfff] -->
	<msg id='31' source='mc'>
		<type>MODULE_LOAD</type>
		<severity>INFO</severity>
		<timestamp>Tue Feb  7 13:42:34 2017</timestamp>
		<arg name='path'>C:\Windows\syswow64\SETUPAPI.dll</arg>
		<arg name='addr1'>0x76570000</arg>
		<arg name='addr2'>0x7670cfff</arg>
	</msg>
	<!-- Module loaded C:\Windows\syswow64\CFGMGR32.dll, address range [0x755a0000-0x755c6fff] -->
	<msg id='32' source='mc'>
		<type>MODULE_LOAD</type>
		<severity>INFO</severity>
		<timestamp>Tue Feb  7 13:42:34 2017</timestamp>
		<arg name='path'>C:\Windows\syswow64\CFGMGR32.dll</arg>
		<arg name='addr1'>0x755a0000</arg>
		<arg name='addr2'>0x755c6fff</arg>
	</msg>
	<!-- Module loaded C:\Windows\syswow64\OLEAUT32.dll, address range [0x75500000-0x75590fff], minimal analysis -->
	<msg id='33' source='mc'>
		<type>MODULE_LOAD_NO_ANALYSIS</type>
		<severity>INFO</severity>
		<timestamp>Tue Feb  7 13:42:34 2017</timestamp>
		<arg name='path'>C:\Windows\syswow64\OLEAUT32.dll</arg>
		<arg name='addr1'>0x75500000</arg>
		<arg name='addr2'>0x75590fff</arg>
	</msg>
	<!-- Module loaded C:\Windows\syswow64\ole32.dll, address range [0x76410000-0x7656cfff] -->
	<msg id='34' source='mc'>
		<type>MODULE_LOAD</type>
		<severity>INFO</severity>
		<timestamp>Tue Feb  7 13:42:34 2017</timestamp>
		<arg name='path'>C:\Windows\syswow64\ole32.dll</arg>
		<arg name='addr1'>0x76410000</arg>
		<arg name='addr2'>0x7656cfff</arg>
	</msg>
	<!-- Module loaded C:\Windows\syswow64\DEVOBJ.dll, address range [0x76b20000-0x76b31fff] -->
	<msg id='35' source='mc'>
		<type>MODULE_LOAD</type>
		<severity>INFO</severity>
		<timestamp>Tue Feb  7 13:42:34 2017</timestamp>
		<arg name='path'>C:\Windows\syswow64\DEVOBJ.dll</arg>
		<arg name='addr1'>0x76b20000</arg>
		<arg name='addr2'>0x76b31fff</arg>
	</msg>
	<!-- DIAG: 11 -->
	<!-- DIAG: 12 -->
	<!-- DIAG: 13 -->
	<!-- DIAG: 14 -->
	<!-- Module loaded C:\Program Files (x86)\NVIDIA Corporation\CoProcManager\nvdxgiwrap.dll, address range [0x6def0000-0x6df0ffff] -->
	<msg id='36' source='mc'>
		<type>MODULE_LOAD</type>
		<severity>INFO</severity>
		<timestamp>Tue Feb  7 13:42:35 2017</timestamp>
		<arg name='path'>C:\Program Files (x86)\NVIDIA Corporation\CoProcManager\nvdxgiwrap.dll</arg>
		<arg name='addr1'>0x6def0000</arg>
		<arg name='addr2'>0x6df0ffff</arg>
	</msg>
	<!-- DIAG: 15 -->
	<!-- DIAG: 16 -->
	<!-- DIAG: 17 -->
	<!-- DIAG: 18 -->
	<!-- Module loaded C:\PROGRA~2\Sophos\SOPHOS~1\SOPHOS~1.DLL, address range [0x744d0000-0x74515fff] -->
	<msg id='37' source='mc'>
		<type>MODULE_LOAD</type>
		<severity>INFO</severity>
		<timestamp>Tue Feb  7 13:42:35 2017</timestamp>
		<arg name='path'>C:\PROGRA~2\Sophos\SOPHOS~1\SOPHOS~1.DLL</arg>
		<arg name='addr1'>0x744d0000</arg>
		<arg name='addr2'>0x74515fff</arg>
	</msg>
	<!-- DIAG: 19 -->
	<!-- DIAG: 20 -->
	<!-- DIAG: 21 -->
	<!-- DIAG: 22 -->
	<!-- DIAG: 23 -->
	<!-- DIAG: 24 -->
	<!-- DIAG: 25 -->
	<!-- DIAG: 26 -->
	<!-- DIAG: 27 -->
	<!-- DIAG: 28 -->
	<!-- Heartbeat, tids = 6736,11080, syscallStatus = 0,0, calls = 176601,3243 -->
	<msg id='38' display='false' source='mc'>
		<type>HEARTBEAT</type>
		<severity>INFO</severity>
		<timestamp>Tue Feb  7 13:42:38 2017</timestamp>
		<arg name='tids'>6736,11080</arg>
		<arg name='syscalls'>0,0</arg>
		<arg name='calls'>176601,3243</arg>
	</msg>
	<!-- Heartbeat, tids = 6736,11080, syscallStatus = 0,0, calls = 248,1025 -->
	<msg id='39' display='false' source='mc'>
		<type>HEARTBEAT</type>
		<severity>INFO</severity>
		<timestamp>Tue Feb  7 13:42:39 2017</timestamp>
		<arg name='tids'>6736,11080</arg>
		<arg name='syscalls'>0,0</arg>
		<arg name='calls'>248,1025</arg>
	</msg>
	<!-- Module loaded c:\Program Files (x86)\IntelSWTools\compilers_and_libraries_2017\windows\redist\ia32\mkl\libimalloc.dll, address range [0x72300000-0x72303fff] -->
	<msg id='40' source='mc'>
		<type>MODULE_LOAD</type>
		<severity>INFO</severity>
		<timestamp>Tue Feb  7 13:42:39 2017</timestamp>
		<arg name='path'>c:\Program Files (x86)\IntelSWTools\compilers_and_libraries_2017\windows\redist\ia32\mkl\libimalloc.dll</arg>
		<arg name='addr1'>0x72300000</arg>
		<arg name='addr2'>0x72303fff</arg>
	</msg>
	<!-- Module unloaded c:\Program Files (x86)\IntelSWTools\compilers_and_libraries_2017\windows\redist\ia32\mkl\libimalloc.dll -->
	<msg id='41' source='mc'>
		<type>MODULE_UNLOAD</type>
		<severity>INFO</severity>
		<timestamp>Tue Feb  7 13:42:39 2017</timestamp>
		<arg name='path'>c:\Program Files (x86)\IntelSWTools\compilers_and_libraries_2017\windows\redist\ia32\mkl\libimalloc.dll</arg>
	</msg>
	<!-- DIAG: 29 -->
	<!-- DIAG: 30 -->
	<!-- Process C:\Dev\FAST.Farm\bin\WakeDynamics_Driver.exe exited with code 0. Leak analysis starting - this may take a while. -->
	<msg id='42' source='mc'>
		<type>PROCESS_COMPLETE</type>
		<severity>INFO</severity>
		<timestamp>Tue Feb  7 13:42:40 2017</timestamp>
		<arg name='path'>C:\Dev\FAST.Farm\bin\WakeDynamics_Driver.exe</arg>
		<arg name='code'>0</arg>
	</msg>
	<!-- Module unloaded C:\Dev\FAST.Farm\bin\WakeDynamics_Driver.exe -->
	<msg id='43' source='mc'>
		<type>MODULE_UNLOAD</type>
		<severity>INFO</severity>
		<timestamp>Tue Feb  7 13:42:40 2017</timestamp>
		<arg name='path'>C:\Dev\FAST.Farm\bin\WakeDynamics_Driver.exe</arg>
	</msg>
	<!-- Module unloaded C:\Windows\syswow64\KERNELBASE.dll -->
	<msg id='44' source='mc'>
		<type>MODULE_UNLOAD</type>
		<severity>INFO</severity>
		<timestamp>Tue Feb  7 13:42:40 2017</timestamp>
		<arg name='path'>C:\Windows\syswow64\KERNELBASE.dll</arg>
	</msg>
	<!-- Module unloaded C:\Windows\syswow64\kernel32.dll -->
	<msg id='45' source='mc'>
		<type>MODULE_UNLOAD</type>
		<severity>INFO</severity>
		<timestamp>Tue Feb  7 13:42:40 2017</timestamp>
		<arg name='path'>C:\Windows\syswow64\kernel32.dll</arg>
	</msg>
	<!-- Module unloaded C:\Windows\SysWOW64\ntdll.dll -->
	<msg id='46' source='mc'>
		<type>MODULE_UNLOAD</type>
		<severity>INFO</severity>
		<timestamp>Tue Feb  7 13:42:40 2017</timestamp>
		<arg name='path'>C:\Windows\SysWOW64\ntdll.dll</arg>
	</msg>
	<!-- Module unloaded c:\Program Files (x86)\IntelSWTools\compilers_and_libraries_2017\windows\redist\ia32\compiler\libifcoremdd.dll -->
	<msg id='47' source='mc'>
		<type>MODULE_UNLOAD</type>
		<severity>INFO</severity>
		<timestamp>Tue Feb  7 13:42:40 2017</timestamp>
		<arg name='path'>c:\Program Files (x86)\IntelSWTools\compilers_and_libraries_2017\windows\redist\ia32\compiler\libifcoremdd.dll</arg>
	</msg>
	<!-- Module unloaded c:\Program Files (x86)\IntelSWTools\compilers_and_libraries_2017\windows\redist\ia32\compiler\libmmd.dll -->
	<msg id='48' source='mc'>
		<type>MODULE_UNLOAD</type>
		<severity>INFO</severity>
		<timestamp>Tue Feb  7 13:42:40 2017</timestamp>
		<arg name='path'>c:\Program Files (x86)\IntelSWTools\compilers_and_libraries_2017\windows\redist\ia32\compiler\libmmd.dll</arg>
	</msg>
	<!-- Module unloaded C:\Windows\syswow64\imagehlp.dll -->
	<msg id='49' source='mc'>
		<type>MODULE_UNLOAD</type>
		<severity>INFO</severity>
		<timestamp>Tue Feb  7 13:42:40 2017</timestamp>
		<arg name='path'>C:\Windows\syswow64\imagehlp.dll</arg>
	</msg>
	<!-- Module unloaded C:\Windows\syswow64\msvcrt.dll -->
	<msg id='50' source='mc'>
		<type>MODULE_UNLOAD</type>
		<severity>INFO</severity>
		<timestamp>Tue Feb  7 13:42:40 2017</timestamp>
		<arg name='path'>C:\Windows\syswow64\msvcrt.dll</arg>
	</msg>
	<!-- Module unloaded C:\Windows\syswow64\ADVAPI32.dll -->
	<msg id='51' source='mc'>
		<type>MODULE_UNLOAD</type>
		<severity>INFO</severity>
		<timestamp>Tue Feb  7 13:42:40 2017</timestamp>
		<arg name='path'>C:\Windows\syswow64\ADVAPI32.dll</arg>
	</msg>
	<!-- Module unloaded C:\Windows\SysWOW64\sechost.dll -->
	<msg id='52' source='mc'>
		<type>MODULE_UNLOAD</type>
		<severity>INFO</severity>
		<timestamp>Tue Feb  7 13:42:40 2017</timestamp>
		<arg name='path'>C:\Windows\SysWOW64\sechost.dll</arg>
	</msg>
	<!-- Module unloaded C:\Windows\syswow64\RPCRT4.dll -->
	<msg id='53' source='mc'>
		<type>MODULE_UNLOAD</type>
		<severity>INFO</severity>
		<timestamp>Tue Feb  7 13:42:40 2017</timestamp>
		<arg name='path'>C:\Windows\syswow64\RPCRT4.dll</arg>
	</msg>
	<!-- Module unloaded C:\Windows\syswow64\SspiCli.dll -->
	<msg id='54' source='mc'>
		<type>MODULE_UNLOAD</type>
		<severity>INFO</severity>
		<timestamp>Tue Feb  7 13:42:40 2017</timestamp>
		<arg name='path'>C:\Windows\syswow64\SspiCli.dll</arg>
	</msg>
	<!-- Module unloaded C:\Windows\syswow64\CRYPTBASE.dll -->
	<msg id='55' source='mc'>
		<type>MODULE_UNLOAD</type>
		<severity>INFO</severity>
		<timestamp>Tue Feb  7 13:42:40 2017</timestamp>
		<arg name='path'>C:\Windows\syswow64\CRYPTBASE.dll</arg>
	</msg>
	<!-- Module unloaded c:\Program Files (x86)\IntelSWTools\compilers_and_libraries_2017\windows\redist\ia32\compiler\libifportMD.dll -->
	<msg id='56' source='mc'>
		<type>MODULE_UNLOAD</type>
		<severity>INFO</severity>
		<timestamp>Tue Feb  7 13:42:40 2017</timestamp>
		<arg name='path'>c:\Program Files (x86)\IntelSWTools\compilers_and_libraries_2017\windows\redist\ia32\compiler\libifportMD.dll</arg>
	</msg>
	<!-- Module unloaded C:\Windows\syswow64\USER32.dll -->
	<msg id='57' source='mc'>
		<type>MODULE_UNLOAD</type>
		<severity>INFO</severity>
		<timestamp>Tue Feb  7 13:42:40 2017</timestamp>
		<arg name='path'>C:\Windows\syswow64\USER32.dll</arg>
	</msg>
	<!-- Module unloaded C:\Windows\syswow64\GDI32.dll -->
	<msg id='58' source='mc'>
		<type>MODULE_UNLOAD</type>
		<severity>INFO</severity>
		<timestamp>Tue Feb  7 13:42:40 2017</timestamp>
		<arg name='path'>C:\Windows\syswow64\GDI32.dll</arg>
	</msg>
	<!-- Module unloaded C:\Windows\syswow64\LPK.dll -->
	<msg id='59' source='mc'>
		<type>MODULE_UNLOAD</type>
		<severity>INFO</severity>
		<timestamp>Tue Feb  7 13:42:40 2017</timestamp>
		<arg name='path'>C:\Windows\syswow64\LPK.dll</arg>
	</msg>
	<!-- Module unloaded C:\Windows\syswow64\USP10.dll -->
	<msg id='60' source='mc'>
		<type>MODULE_UNLOAD</type>
		<severity>INFO</severity>
		<timestamp>Tue Feb  7 13:42:40 2017</timestamp>
		<arg name='path'>C:\Windows\syswow64\USP10.dll</arg>
	</msg>
	<!-- Module unloaded C:\Windows\system32\MSVCR120D.dll -->
	<msg id='61' source='mc'>
		<type>MODULE_UNLOAD</type>
		<severity>INFO</severity>
		<timestamp>Tue Feb  7 13:42:40 2017</timestamp>
		<arg name='path'>C:\Windows\system32\MSVCR120D.dll</arg>
	</msg>
	<!-- Module unloaded c:\Program Files (x86)\IntelSWTools\compilers_and_libraries_2017\windows\redist\ia32\mkl\mkl_sequential.dll -->
	<msg id='62' source='mc'>
		<type>MODULE_UNLOAD</type>
		<severity>INFO</severity>
		<timestamp>Tue Feb  7 13:42:40 2017</timestamp>
		<arg name='path'>c:\Program Files (x86)\IntelSWTools\compilers_and_libraries_2017\windows\redist\ia32\mkl\mkl_sequential.dll</arg>
	</msg>
	<!-- Module unloaded c:\Program Files (x86)\IntelSWTools\compilers_and_libraries_2017\windows\redist\ia32\mkl\mkl_core.dll -->
	<msg id='63' source='mc'>
		<type>MODULE_UNLOAD</type>
		<severity>INFO</severity>
		<timestamp>Tue Feb  7 13:42:40 2017</timestamp>
		<arg name='path'>c:\Program Files (x86)\IntelSWTools\compilers_and_libraries_2017\windows\redist\ia32\mkl\mkl_core.dll</arg>
	</msg>
	<!-- Module unloaded C:\Windows\system32\IMM32.DLL -->
	<msg id='64' source='mc'>
		<type>MODULE_UNLOAD</type>
		<severity>INFO</severity>
		<timestamp>Tue Feb  7 13:42:40 2017</timestamp>
		<arg name='path'>C:\Windows\system32\IMM32.DLL</arg>
	</msg>
	<!-- Module unloaded C:\Windows\syswow64\MSCTF.dll -->
	<msg id='65' source='mc'>
		<type>MODULE_UNLOAD</type>
		<severity>INFO</severity>
		<timestamp>Tue Feb  7 13:42:40 2017</timestamp>
		<arg name='path'>C:\Windows\syswow64\MSCTF.dll</arg>
	</msg>
	<!-- Module unloaded C:\PROGRA~2\Avecto\PRIVIL~1\PGHook.dll -->
	<msg id='66' source='mc'>
		<type>MODULE_UNLOAD</type>
		<severity>INFO</severity>
		<timestamp>Tue Feb  7 13:42:40 2017</timestamp>
		<arg name='path'>C:\PROGRA~2\Avecto\PRIVIL~1\PGHook.dll</arg>
	</msg>
	<!-- Module unloaded C:\Windows\syswow64\PSAPI.DLL -->
	<msg id='67' source='mc'>
		<type>MODULE_UNLOAD</type>
		<severity>INFO</severity>
		<timestamp>Tue Feb  7 13:42:40 2017</timestamp>
		<arg name='path'>C:\Windows\syswow64\PSAPI.DLL</arg>
	</msg>
	<!-- Module unloaded C:\Windows\system32\dbghelp.dll -->
	<msg id='68' source='mc'>
		<type>MODULE_UNLOAD</type>
		<severity>INFO</severity>
		<timestamp>Tue Feb  7 13:42:40 2017</timestamp>
		<arg name='path'>C:\Windows\system32\dbghelp.dll</arg>
	</msg>
	<!-- Module unloaded C:\Windows\SysWOW64\nvinit.dll -->
	<msg id='69' source='mc'>
		<type>MODULE_UNLOAD</type>
		<severity>INFO</severity>
		<timestamp>Tue Feb  7 13:42:40 2017</timestamp>
		<arg name='path'>C:\Windows\SysWOW64\nvinit.dll</arg>
	</msg>
	<!-- Module unloaded C:\Program Files (x86)\NVIDIA Corporation\CoProcManager\detoured.dll -->
	<msg id='70' source='mc'>
		<type>MODULE_UNLOAD</type>
		<severity>INFO</severity>
		<timestamp>Tue Feb  7 13:42:40 2017</timestamp>
		<arg name='path'>C:\Program Files (x86)\NVIDIA Corporation\CoProcManager\detoured.dll</arg>
	</msg>
	<!-- Module unloaded C:\Program Files (x86)\NVIDIA Corporation\CoProcManager\nvd3d9wrap.dll -->
	<msg id='71' source='mc'>
		<type>MODULE_UNLOAD</type>
		<severity>INFO</severity>
		<timestamp>Tue Feb  7 13:42:40 2017</timestamp>
		<arg name='path'>C:\Program Files (x86)\NVIDIA Corporation\CoProcManager\nvd3d9wrap.dll</arg>
	</msg>
	<!-- Module unloaded C:\Windows\syswow64\SETUPAPI.dll -->
	<msg id='72' source='mc'>
		<type>MODULE_UNLOAD</type>
		<severity>INFO</severity>
		<timestamp>Tue Feb  7 13:42:40 2017</timestamp>
		<arg name='path'>C:\Windows\syswow64\SETUPAPI.dll</arg>
	</msg>
	<!-- Module unloaded C:\Windows\syswow64\CFGMGR32.dll -->
	<msg id='73' source='mc'>
		<type>MODULE_UNLOAD</type>
		<severity>INFO</severity>
		<timestamp>Tue Feb  7 13:42:40 2017</timestamp>
		<arg name='path'>C:\Windows\syswow64\CFGMGR32.dll</arg>
	</msg>
	<!-- Module unloaded C:\Windows\syswow64\OLEAUT32.dll -->
	<msg id='74' source='mc'>
		<type>MODULE_UNLOAD</type>
		<severity>INFO</severity>
		<timestamp>Tue Feb  7 13:42:40 2017</timestamp>
		<arg name='path'>C:\Windows\syswow64\OLEAUT32.dll</arg>
	</msg>
	<!-- Module unloaded C:\Windows\syswow64\ole32.dll -->
	<msg id='75' source='mc'>
		<type>MODULE_UNLOAD</type>
		<severity>INFO</severity>
		<timestamp>Tue Feb  7 13:42:40 2017</timestamp>
		<arg name='path'>C:\Windows\syswow64\ole32.dll</arg>
	</msg>
	<!-- Module unloaded C:\Windows\syswow64\DEVOBJ.dll -->
	<msg id='76' source='mc'>
		<type>MODULE_UNLOAD</type>
		<severity>INFO</severity>
		<timestamp>Tue Feb  7 13:42:40 2017</timestamp>
		<arg name='path'>C:\Windows\syswow64\DEVOBJ.dll</arg>
	</msg>
	<!-- Module unloaded C:\Program Files (x86)\NVIDIA Corporation\CoProcManager\nvdxgiwrap.dll -->
	<msg id='77' source='mc'>
		<type>MODULE_UNLOAD</type>
		<severity>INFO</severity>
		<timestamp>Tue Feb  7 13:42:40 2017</timestamp>
		<arg name='path'>C:\Program Files (x86)\NVIDIA Corporation\CoProcManager\nvdxgiwrap.dll</arg>
	</msg>
	<!-- Module unloaded C:\PROGRA~2\Sophos\SOPHOS~1\SOPHOS~1.DLL -->
	<msg id='78' source='mc'>
		<type>MODULE_UNLOAD</type>
		<severity>INFO</severity>
		<timestamp>Tue Feb  7 13:42:40 2017</timestamp>
		<arg name='path'>C:\PROGRA~2\Sophos\SOPHOS~1\SOPHOS~1.DLL</arg>
	</msg>
	<!-- DIAG: 31 -->
	<!-- DIAG: 32 -->
	<!-- DIAG: 33 -->
	<!-- DIAG: 34 -->
	<!-- DIAG: 35 -->
	<!-- DIAG: 36 -->
	<!-- DIAG: 37 -->
	<!-- DIAG: 38 -->
	<!-- DIAG: 39 -->
	<!-- DIAG: 40 -->
	<!-- DIAG: 41 -->
	<!-- DIAG: 42 -->
	<!-- DIAG: 43 -->
	<!-- DIAG: 44 -->
	<!-- DIAG: 45 -->
	<!-- DIAG: 46 -->
	<!-- DIAG: 47 -->
	<!-- DIAG: 48 -->
	<!-- DIAG: 49 -->
	<!-- DIAG: 50 -->
	<!-- DIAG: 51 -->
	<!-- DIAG: 52 -->
	<!-- DIAG: 53 -->
	<!-- DIAG: 54 -->
	<!-- DIAG: 55 -->
	<!-- DIAG: 56 -->
	<!-- DIAG: 57 -->
	<!-- DIAG: 58 -->
	<!-- DIAG: 59 -->
	<!-- DIAG: 60 -->
	<!-- DIAG: 61 -->
	<!-- DIAG: 62 -->
	<!-- DIAG: 63 -->
	<!-- DIAG: 64 -->
	<!-- DIAG: 65 -->
	<!-- DIAG: 66 -->
	<!-- DIAG: 67 -->
	<!-- DIAG: 68 -->
	<!-- DIAG: 69 -->
	<!-- DIAG: 70 -->
	<!-- DIAG: 71 -->
	<!-- DIAG: 72 -->
	<!-- DIAG: 73 -->
	<!-- DIAG: 74 -->
	<!-- DIAG: 75 -->
	<!-- DIAG: 76 -->
	<!-- DIAG: 77 -->
	<!-- DIAG: 78 -->
	<!-- DIAG: 79 -->
	<!-- Analysis completed for C:\Dev\FAST.Farm\bin\WakeDynamics_Driver.exe -->
	<msg id='79' source='mc'>
		<type>ANALYSIS_COMPLETE</type>
		<severity>INFO</severity>
		<timestamp>Tue Feb  7 13:42:40 2017</timestamp>
		<arg name='path'>C:\Dev\FAST.Farm\bin\WakeDynamics_Driver.exe</arg>
	</msg>