<?xml version="1.0" encoding="utf-8" ?>
<!-- DO NOT EDIT THIS FILE -->

<log version='2.0' source='mc'>
	<!-- Successfully loaded CCRT at address 0x1f10000 - 0x214c000 -->
	<!-- Successfully loaded MC at address 0x54660000 - 0x55188000 -->
	<!-- Analysis started for C:\Dev\FAST.Farm\bin\WakeDynamics_Driver.exe, pid = 12048 -->
	<msg id='1' source='mc'>
		<type>EXEC_OF_INTEREST</type>
		<severity>INFO</severity>
		<timestamp>Tue Feb  7 13:42:08 2017</timestamp>
		<arg name='path'>C:\Dev\FAST.Farm\bin\WakeDynamics_Driver.exe</arg>
		<arg name='pid'>12048</arg>
	</msg>
	<!-- Command line: C:\Program Files (x86)\IntelSWTools\Inspector 2017\bin32\pin -xyzzy -mesgoff console -xyzzy -bridge_save_x87 0 -bridge_save_mxcsr 0 -follow_execv -error_file C:\Dev\FAST.Farm\compiling\Visual Studio\WakeDynamicsDriver\My Inspector Results - WakeDynamics_Driver\r000mi1\data.0\pin_error.log -logfile C:\Dev\FAST.Farm\compiling\Visual Studio\WakeDynamicsDriver\My Inspector Results - WakeDynamics_Driver\r000mi1\data.0\pin.log -xyzzy -region_max_inss 500 -p64 C:\Program Files (x86)\IntelSWTools\Inspector 2017\bin64\pin -t64 C:\Program Files (x86)\IntelSWTools\Inspector 2017\bin64\memchkr.dll -t C:\Program Files (x86)\IntelSWTools\Inspector 2017\bin32\memchkr.dll -no-analyze-stack -no-check-invalid-access -leak-check-on-exit -leak-check-report-reachable -check-resource-leaks -freelist-vol 0 -leak-maximum 100000 -guard-zone-size 0 -stack-depth 8 -heartbeat 1 -mrte-mode native -working-dir C:\Dev\FAST.Farm\compiling\Visual Studio\WakeDynamicsDriver\My Inspector Results - WakeDynamics_Driver\r000mi1\data.0 -log mc_WakeDynamics_Driver.log -result WakeDynamics_Driver - C:\Dev\FAST.Farm\bin\WakeDynamics_Driver.exe  -->
	<!-- mc's options are the following:  -->
	<!-- -help                              false -->
	<!-- -verbose                           false -->
	<!-- -xyzzy                             false -->
	<!-- -version                           false -->
	<!-- -help-all                          false -->
	<!-- -xyzzy-all                         false -->
	<!-- -report-all-instances              false -->
	<!-- -check-for-padded-structures       true -->
	<!-- -check-for-bitfields               true -->
	<!-- -analyze-stack                     false -->
	<!-- -access-checks                     false -->
	<!-- -check-uninit-read                 false -->
	<!-- -check-invalid-access              false -->
	<!-- -advanced-uninit-read              false -->
	<!-- -track-origins                     true -->
	<!-- -duplicate-uninits                 false -->
	<!-- -bss-initialized                   true -->
	<!-- -align-alloc-size                  false -->
	<!-- -report-uninit-read                false -->
	<!-- -ignore-system-libraries           false -->
	<!-- -gen-suppressions                  false -->
	<!-- -leak-check-on-exit                true -->
	<!-- -leak-check-on-demand              false -->
	<!-- -leak-check-uses-baseline          true -->
	<!-- -enable-memory-growth              false -->
	<!-- -leak-check-report-reachable       true -->
	<!-- -leak-check-full                   true -->
	<!-- -check-resource-leaks              true -->
	<!-- -trace-children                    false -->
	<!-- -enable-poke                       false -->
	<!-- -jit-mode-anyway                   false -->
	<!-- -disable-probe-mode-mismatches-64  true -->
	<!-- -aggressive-callstack-caching      false -->
	<!-- -suppress-breakpoints              false -->
	<!-- -monitor-memory                    false -->
	<!-- -freelist-vol                      0 -->
	<!-- -leak-maximum                      100000 -->
	<!-- -guard-zone-size                   0 -->
	<!-- -stack-depth                       8 -->
	<!-- -heartbeat                         1 -->
	<!-- -breakpoint-file                   (null) -->
	<!-- -config-file                       (null) -->
	<!-- -log                               mc_WakeDynamics_Driver.log -->
	<!-- -ignore-commands                   (null),  -->
	<!-- -ignore-modules                    (null),  -->
	<!-- -ignore-symbols                    (null),  -->
	<!-- -module-of-interest                (null),  -->
	<!-- -executable-of-interest            (null),  -->
	<!-- -working-dir                       C:\Dev\FAST.Farm\compiling\Visual Studio\WakeDynamicsDriver\My Inspector Results - WakeDynamics_Driver\r000mi1\data.0 -->
	<!-- -result                            WakeDynamics_Driver -->
	<!-- -exclude-module                    (null),  -->
	<!-- -include-module                    (null),  -->
	<!-- -only-exec-commands                (null),  -->
	<!-- -suppressions                      (null),  -->
	<!-- -debug                             none -->
	<!-- -shared-mem-name                   (null) -->
	<!-- -poke-function                     (null),  -->
	<!-- -analysis-mode                     (null) -->
	<!-- -disable-gatekeeping               false -->
	<!-- -ignore-os-allocators              false -->
	<!-- -mrte-mode                         native -->
	<!-- probe mode: yes -->
	<!-- invalid access: no -->
	<!-- uninit read: no -->
	<!-- track origin: no -->
	<!-- DIAG: 1 -->
	<!-- Module loaded C:\Dev\FAST.Farm\bin\WakeDynamics_Driver.exe, address range [0x002e0000-0x006ccfff] -->
	<msg id='2' source='mc'>
		<type>MODULE_LOAD</type>
		<severity>INFO</severity>
		<timestamp>Tue Feb  7 13:42:08 2017</timestamp>
		<arg name='path'>C:\Dev\FAST.Farm\bin\WakeDynamics_Driver.exe</arg>
		<arg name='addr1'>0x2e0000</arg>
		<arg name='addr2'>0x6ccfff</arg>
	</msg>
	<!-- Module loaded C:\Windows\syswow64\KERNELBASE.dll, address range [0x74f80000-0x74fc6fff], minimal analysis -->
	<msg id='3' source='mc'>
		<type>MODULE_LOAD_NO_ANALYSIS</type>
		<severity>INFO</severity>
		<timestamp>Tue Feb  7 13:42:08 2017</timestamp>
		<arg name='path'>C:\Windows\syswow64\KERNELBASE.dll</arg>
		<arg name='addr1'>0x74f80000</arg>
		<arg name='addr2'>0x74fc6fff</arg>
	</msg>
	<!-- entry point not safe for probe insertion in kernel32.dll -->
	<!-- Module loaded C:\Windows\syswow64\kernel32.dll, address range [0x74fe0000-0x750effff], minimal analysis -->
	<msg id='4' source='mc'>
		<type>MODULE_LOAD_NO_ANALYSIS</type>
		<severity>INFO</severity>
		<timestamp>Tue Feb  7 13:42:08 2017</timestamp>
		<arg name='path'>C:\Windows\syswow64\kernel32.dll</arg>
		<arg name='addr1'>0x74fe0000</arg>
		<arg name='addr2'>0x750effff</arg>
	</msg>
	<!-- Module loaded C:\Windows\SysWOW64\ntdll.dll, address range [0x77620000-0x7779ffff], minimal analysis -->
	<msg id='5' source='mc'>
		<type>MODULE_LOAD_NO_ANALYSIS</type>
		<severity>INFO</severity>
		<timestamp>Tue Feb  7 13:42:08 2017</timestamp>
		<arg name='path'>C:\Windows\SysWOW64\ntdll.dll</arg>
		<arg name='addr1'>0x77620000</arg>
		<arg name='addr2'>0x7779ffff</arg>
	</msg>
	<!-- Module loaded c:\Program Files (x86)\IntelSWTools\compilers_and_libraries_2017\windows\redist\ia32\compiler\libifcoremdd.dll, address range [0x0f860000-0x0f9a4fff] -->
	<msg id='6' source='mc'>
		<type>MODULE_LOAD</type>
		<severity>INFO</severity>
		<timestamp>Tue Feb  7 13:42:08 2017</timestamp>
		<arg name='path'>c:\Program Files (x86)\IntelSWTools\compilers_and_libraries_2017\windows\redist\ia32\compiler\libifcoremdd.dll</arg>
		<arg name='addr1'>0xf860000</arg>
		<arg name='addr2'>0xf9a4fff</arg>
	</msg>
	<!-- Module loaded c:\Program Files (x86)\IntelSWTools\compilers_and_libraries_2017\windows\redist\ia32\compiler\libmmd.dll, address range [0x0fba0000-0x0ffccfff] -->
	<msg id='7' source='mc'>
		<type>MODULE_LOAD</type>
		<severity>INFO</severity>
		<timestamp>Tue Feb  7 13:42:08 2017</timestamp>
		<arg name='path'>c:\Program Files (x86)\IntelSWTools\compilers_and_libraries_2017\windows\redist\ia32\compiler\libmmd.dll</arg>
		<arg name='addr1'>0xfba0000</arg>
		<arg name='addr2'>0xffccfff</arg>
	</msg>
	<!-- Module loaded C:\Windows\syswow64\imagehlp.dll, address range [0x75100000-0x7512afff] -->
	<msg id='8' source='mc'>
		<type>MODULE_LOAD</type>
		<severity>INFO</severity>
		<timestamp>Tue Feb  7 13:42:08 2017</timestamp>
		<arg name='path'>C:\Windows\syswow64\imagehlp.dll</arg>
		<arg name='addr1'>0x75100000</arg>
		<arg name='addr2'>0x7512afff</arg>
	</msg>
	<!-- Module loaded C:\Windows\syswow64\msvcrt.dll, address range [0x753c0000-0x7546bfff], minimal analysis -->
	<msg id='9' source='mc'>
		<type>MODULE_LOAD_NO_ANALYSIS</type>
		<severity>INFO</severity>
		<timestamp>Tue Feb  7 13:42:08 2017</timestamp>
		<arg name='path'>C:\Windows\syswow64\msvcrt.dll</arg>
		<arg name='addr1'>0x753c0000</arg>
		<arg name='addr2'>0x7546bfff</arg>
	</msg>
	<!-- Module loaded C:\Windows\syswow64\ADVAPI32.dll, address range [0x76970000-0x76a10fff], minimal analysis -->
	<msg id='10' source='mc'>
		<type>MODULE_LOAD_NO_ANALYSIS</type>
		<severity>INFO</severity>
		<timestamp>Tue Feb  7 13:42:08 2017</timestamp>
		<arg name='path'>C:\Windows\syswow64\ADVAPI32.dll</arg>
		<arg name='addr1'>0x76970000</arg>
		<arg name='addr2'>0x76a10fff</arg>
	</msg>
	<!-- Module loaded C:\Windows\SysWOW64\sechost.dll, address range [0x75130000-0x75148fff] -->
	<msg id='11' source='mc'>
		<type>MODULE_LOAD</type>
		<severity>INFO</severity>
		<timestamp>Tue Feb  7 13:42:08 2017</timestamp>
		<arg name='path'>C:\Windows\SysWOW64\sechost.dll</arg>
		<arg name='addr1'>0x75130000</arg>
		<arg name='addr2'>0x75148fff</arg>
	</msg>
	<!-- Module loaded C:\Windows\syswow64\RPCRT4.dll, address range [0x76ba0000-0x76c8ffff], minimal analysis -->
	<msg id='12' source='mc'>
		<type>MODULE_LOAD_NO_ANALYSIS</type>
		<severity>INFO</severity>
		<timestamp>Tue Feb  7 13:42:08 2017</timestamp>
		<arg name='path'>C:\Windows\syswow64\RPCRT4.dll</arg>
		<arg name='addr1'>0x76ba0000</arg>
		<arg name='addr2'>0x76c8ffff</arg>
	</msg>
	<!-- Module loaded C:\Windows\syswow64\SspiCli.dll, address range [0x74f10000-0x74f6ffff], minimal analysis -->
	<msg id='13' source='mc'>
		<type>MODULE_LOAD_NO_ANALYSIS</type>
		<severity>INFO</severity>
		<timestamp>Tue Feb  7 13:42:08 2017</timestamp>
		<arg name='path'>C:\Windows\syswow64\SspiCli.dll</arg>
		<arg name='addr1'>0x74f10000</arg>
		<arg name='addr2'>0x74f6ffff</arg>
	</msg>
	<!-- Module loaded C:\Windows\syswow64\CRYPTBASE.dll, address range [0x74f00000-0x74f0bfff], minimal analysis -->
	<msg id='14' source='mc'>
		<type>MODULE_LOAD_NO_ANALYSIS</type>
		<severity>INFO</severity>
		<timestamp>Tue Feb  7 13:42:08 2017</timestamp>
		<arg name='path'>C:\Windows\syswow64\CRYPTBASE.dll</arg>
		<arg name='addr1'>0x74f00000</arg>
		<arg name='addr2'>0x74f0bfff</arg>
	</msg>
	<!-- Module loaded c:\Program Files (x86)\IntelSWTools\compilers_and_libraries_2017\windows\redist\ia32\compiler\libifportMD.dll, address range [0x012a0000-0x012eafff] -->
	<msg id='15' source='mc'>
		<type>MODULE_LOAD</type>
		<severity>INFO</severity>
		<timestamp>Tue Feb  7 13:42:08 2017</timestamp>
		<arg name='path'>c:\Program Files (x86)\IntelSWTools\compilers_and_libraries_2017\windows\redist\ia32\compiler\libifportMD.dll</arg>
		<arg name='addr1'>0x12a0000</arg>
		<arg name='addr2'>0x12eafff</arg>
	</msg>
	<!-- Module loaded C:\Windows\syswow64\USER32.dll, address range [0x76fc0000-0x770bffff], minimal analysis -->
	<msg id='16' source='mc'>
		<type>MODULE_LOAD_NO_ANALYSIS</type>
		<severity>INFO</severity>
		<timestamp>Tue Feb  7 13:42:08 2017</timestamp>
		<arg name='path'>C:\Windows\syswow64\USER32.dll</arg>
		<arg name='addr1'>0x76fc0000</arg>
		<arg name='addr2'>0x770bffff</arg>
	</msg>
	<!-- Module loaded C:\Windows\syswow64\GDI32.dll, address range [0x755d0000-0x7565ffff], minimal analysis -->
	<msg id='17' source='mc'>
		<type>MODULE_LOAD_NO_ANALYSIS</type>
		<severity>INFO</severity>
		<timestamp>Tue Feb  7 13:42:08 2017</timestamp>
		<arg name='path'>C:\Windows\syswow64\GDI32.dll</arg>
		<arg name='addr1'>0x755d0000</arg>
		<arg name='addr2'>0x7565ffff</arg>
	</msg>
	<!-- Module loaded C:\Windows\syswow64\LPK.dll, address range [0x76d70000-0x76d79fff] -->
	<msg id='18' source='mc'>
		<type>MODULE_LOAD</type>
		<severity>INFO</severity>
		<timestamp>Tue Feb  7 13:42:08 2017</timestamp>
		<arg name='path'>C:\Windows\syswow64\LPK.dll</arg>
		<arg name='addr1'>0x76d70000</arg>
		<arg name='addr2'>0x76d79fff</arg>
	</msg>
	<!-- Module loaded C:\Windows\syswow64\USP10.dll, address range [0x75320000-0x753bcfff], minimal analysis -->
	<msg id='19' source='mc'>
		<type>MODULE_LOAD_NO_ANALYSIS</type>
		<severity>INFO</severity>
		<timestamp>Tue Feb  7 13:42:09 2017</timestamp>
		<arg name='path'>C:\Windows\syswow64\USP10.dll</arg>
		<arg name='addr1'>0x75320000</arg>
		<arg name='addr2'>0x753bcfff</arg>
	</msg>
	<!-- Module loaded C:\Windows\system32\MSVCR120D.dll, address range [0x03290000-0x0344efff] -->
	<msg id='20' source='mc'>
		<type>MODULE_LOAD</type>
		<severity>INFO</severity>
		<timestamp>Tue Feb  7 13:42:09 2017</timestamp>
		<arg name='path'>C:\Windows\system32\MSVCR120D.dll</arg>
		<arg name='addr1'>0x3290000</arg>
		<arg name='addr2'>0x344efff</arg>
	</msg>
	<!-- Module loaded c:\Program Files (x86)\IntelSWTools\compilers_and_libraries_2017\windows\redist\ia32\mkl\mkl_sequential.dll, address range [0x03470000-0x037a7fff] -->
	<msg id='21' source='mc'>
		<type>MODULE_LOAD</type>
		<severity>INFO</severity>
		<timestamp>Tue Feb  7 13:42:09 2017</timestamp>
		<arg name='path'>c:\Program Files (x86)\IntelSWTools\compilers_and_libraries_2017\windows\redist\ia32\mkl\mkl_sequential.dll</arg>
		<arg name='addr1'>0x3470000</arg>
		<arg name='addr2'>0x37a7fff</arg>
	</msg>
	<!-- Module loaded c:\Program Files (x86)\IntelSWTools\compilers_and_libraries_2017\windows\redist\ia32\mkl\mkl_core.dll, address range [0x051b0000-0x05fc1fff], minimal analysis -->
	<msg id='22' source='mc'>
		<type>MODULE_LOAD_NO_ANALYSIS</type>
		<severity>INFO</severity>
		<timestamp>Tue Feb  7 13:42:09 2017</timestamp>
		<arg name='path'>c:\Program Files (x86)\IntelSWTools\compilers_and_libraries_2017\windows\redist\ia32\mkl\mkl_core.dll</arg>
		<arg name='addr1'>0x51b0000</arg>
		<arg name='addr2'>0x5fc1fff</arg>
	</msg>
	<!-- Module loaded C:\Windows\system32\IMM32.DLL, address range [0x76a20000-0x76a7ffff], minimal analysis -->
	<msg id='23' source='mc'>
		<type>MODULE_LOAD_NO_ANALYSIS</type>
		<severity>INFO</severity>
		<timestamp>Tue Feb  7 13:42:09 2017</timestamp>
		<arg name='path'>C:\Windows\system32\IMM32.DLL</arg>
		<arg name='addr1'>0x76a20000</arg>
		<arg name='addr2'>0x76a7ffff</arg>
	</msg>
	<!-- Module loaded C:\Windows\syswow64\MSCTF.dll, address range [0x75150000-0x7521bfff], minimal analysis -->
	<msg id='24' source='mc'>
		<type>MODULE_LOAD_NO_ANALYSIS</type>
		<severity>INFO</severity>
		<timestamp>Tue Feb  7 13:42:09 2017</timestamp>
		<arg name='path'>C:\Windows\syswow64\MSCTF.dll</arg>
		<arg name='addr1'>0x75150000</arg>
		<arg name='addr2'>0x7521bfff</arg>
	</msg>
	<!-- Module loaded C:\PROGRA~2\Avecto\PRIVIL~1\PGHook.dll, address range [0x74970000-0x749adfff] -->
	<msg id='25' source='mc'>
		<type>MODULE_LOAD</type>
		<severity>INFO</severity>
		<timestamp>Tue Feb  7 13:42:09 2017</timestamp>
		<arg name='path'>C:\PROGRA~2\Avecto\PRIVIL~1\PGHook.dll</arg>
		<arg name='addr1'>0x74970000</arg>
		<arg name='addr2'>0x749adfff</arg>
	</msg>
	<!-- Module loaded C:\Windows\syswow64\PSAPI.DLL, address range [0x76a80000-0x76a84fff] -->
	<msg id='26' source='mc'>
		<type>MODULE_LOAD</type>
		<severity>INFO</severity>
		<timestamp>Tue Feb  7 13:42:09 2017</timestamp>
		<arg name='path'>C:\Windows\syswow64\PSAPI.DLL</arg>
		<arg name='addr1'>0x76a80000</arg>
		<arg name='addr2'>0x76a84fff</arg>
	</msg>
	<!-- Module loaded C:\Windows\system32\dbghelp.dll, address range [0x74880000-0x7496afff], minimal analysis -->
	<msg id='27' source='mc'>
		<type>MODULE_LOAD_NO_ANALYSIS</type>
		<severity>INFO</severity>
		<timestamp>Tue Feb  7 13:42:09 2017</timestamp>
		<arg name='path'>C:\Windows\system32\dbghelp.dll</arg>
		<arg name='addr1'>0x74880000</arg>
		<arg name='addr2'>0x7496afff</arg>
	</msg>
	<!-- Module loaded C:\Windows\SysWOW64\nvinit.dll, address range [0x74850000-0x74878fff] -->
	<msg id='28' source='mc'>
		<type>MODULE_LOAD</type>
		<severity>INFO</severity>
		<timestamp>Tue Feb  7 13:42:09 2017</timestamp>
		<arg name='path'>C:\Windows\SysWOW64\nvinit.dll</arg>
		<arg name='addr1'>0x74850000</arg>
		<arg name='addr2'>0x74878fff</arg>
	</msg>
	<!-- Module loaded C:\Program Files (x86)\NVIDIA Corporation\CoProcManager\detoured.dll, address range [0x0f000000-0x0f005fff] -->
	<msg id='29' source='mc'>
		<type>MODULE_LOAD</type>
		<severity>INFO</severity>
		<timestamp>Tue Feb  7 13:42:09 2017</timestamp>
		<arg name='path'>C:\Program Files (x86)\NVIDIA Corporation\CoProcManager\detoured.dll</arg>
		<arg name='addr1'>0xf000000</arg>
		<arg name='addr2'>0xf005fff</arg>
	</msg>
	<!-- Module loaded C:\Program Files (x86)\NVIDIA Corporation\CoProcManager\nvd3d9wrap.dll, address range [0x6df10000-0x6df3bfff] -->
	<msg id='30' source='mc'>
		<type>MODULE_LOAD</type>
		<severity>INFO</severity>
		<timestamp>Tue Feb  7 13:42:09 2017</timestamp>
		<arg name='path'>C:\Program Files (x86)\NVIDIA Corporation\CoProcManager\nvd3d9wrap.dll</arg>
		<arg name='addr1'>0x6df10000</arg>
		<arg name='addr2'>0x6df3bfff</arg>
	</msg>
	<!-- Module loaded C:\Windows\syswow64\SETUPAPI.dll, address range [0x76570000-0x7670cfff] -->
	<msg id='31' source='mc'>
		<type>MODULE_LOAD</type>
		<severity>INFO</severity>
		<timestamp>Tue Feb  7 13:42:09 2017</timestamp>
		<arg name='path'>C:\Windows\syswow64\SETUPAPI.dll</arg>
		<arg name='addr1'>0x76570000</arg>
		<arg name='addr2'>0x7670cfff</arg>
	</msg>
	<!-- Module loaded C:\Windows\syswow64\CFGMGR32.dll, address range [0x755a0000-0x755c6fff] -->
	<msg id='32' source='mc'>
		<type>MODULE_LOAD</type>
		<severity>INFO</severity>
		<timestamp>Tue Feb  7 13:42:09 2017</timestamp>
		<arg name='path'>C:\Windows\syswow64\CFGMGR32.dll</arg>
		<arg name='addr1'>0x755a0000</arg>
		<arg name='addr2'>0x755c6fff</arg>
	</msg>
	<!-- Module loaded C:\Windows\syswow64\OLEAUT32.dll, address range [0x75500000-0x75590fff], minimal analysis -->
	<msg id='33' source='mc'>
		<type>MODULE_LOAD_NO_ANALYSIS</type>
		<severity>INFO</severity>
		<timestamp>Tue Feb  7 13:42:09 2017</timestamp>
		<arg name='path'>C:\Windows\syswow64\OLEAUT32.dll</arg>
		<arg name='addr1'>0x75500000</arg>
		<arg name='addr2'>0x75590fff</arg>
	</msg>
	<!-- Module loaded C:\Windows\syswow64\ole32.dll, address range [0x76410000-0x7656cfff], minimal analysis -->
	<msg id='34' source='mc'>
		<type>MODULE_LOAD_NO_ANALYSIS</type>
		<severity>INFO</severity>
		<timestamp>Tue Feb  7 13:42:09 2017</timestamp>
		<arg name='path'>C:\Windows\syswow64\ole32.dll</arg>
		<arg name='addr1'>0x76410000</arg>
		<arg name='addr2'>0x7656cfff</arg>
	</msg>
	<!-- Module loaded C:\Windows\syswow64\DEVOBJ.dll, address range [0x76b20000-0x76b31fff] -->
	<msg id='35' source='mc'>
		<type>MODULE_LOAD</type>
		<severity>INFO</severity>
		<timestamp>Tue Feb  7 13:42:09 2017</timestamp>
		<arg name='path'>C:\Windows\syswow64\DEVOBJ.dll</arg>
		<arg name='addr1'>0x76b20000</arg>
		<arg name='addr2'>0x76b31fff</arg>
	</msg>
	<!-- Module loaded C:\Program Files (x86)\NVIDIA Corporation\CoProcManager\nvdxgiwrap.dll, address range [0x6def0000-0x6df0ffff] -->
	<msg id='36' source='mc'>
		<type>MODULE_LOAD</type>
		<severity>INFO</severity>
		<timestamp>Tue Feb  7 13:42:09 2017</timestamp>
		<arg name='path'>C:\Program Files (x86)\NVIDIA Corporation\CoProcManager\nvdxgiwrap.dll</arg>
		<arg name='addr1'>0x6def0000</arg>
		<arg name='addr2'>0x6df0ffff</arg>
	</msg>
	<!-- Module loaded C:\PROGRA~2\Sophos\SOPHOS~1\SOPHOS~1.DLL, address range [0x744d0000-0x74515fff] -->
	<msg id='37' source='mc'>
		<type>MODULE_LOAD</type>
		<severity>INFO</severity>
		<timestamp>Tue Feb  7 13:42:09 2017</timestamp>
		<arg name='path'>C:\PROGRA~2\Sophos\SOPHOS~1\SOPHOS~1.DLL</arg>
		<arg name='addr1'>0x744d0000</arg>
		<arg name='addr2'>0x74515fff</arg>
	</msg>
	<!-- DIAG: 2 -->
	<!-- Process C:\Dev\FAST.Farm\bin\WakeDynamics_Driver.exe exited with code 0. Leak analysis starting - this may take a while. -->
	<msg id='38' source='mc'>
		<type>PROCESS_COMPLETE</type>
		<severity>INFO</severity>
		<timestamp>Tue Feb  7 13:42:09 2017</timestamp>
		<arg name='path'>C:\Dev\FAST.Farm\bin\WakeDynamics_Driver.exe</arg>
		<arg name='code'>0</arg>
	</msg>
	<!-- Analysis completed for C:\Dev\FAST.Farm\bin\WakeDynamics_Driver.exe -->
	<msg id='39' source='mc'>
		<type>ANALYSIS_COMPLETE</type>
		<severity>INFO</severity>
		<timestamp>Tue Feb  7 13:42:09 2017</timestamp>
		<arg name='path'>C:\Dev\FAST.Farm\bin\WakeDynamics_Driver.exe</arg>
	</msg>